<?xml version="1.0" encoding="UTF-8"?>
<robot generator="Robot 4.1.3 (Python 3.10.0 on win32)" generated="20220210 10:05:16.818" rpa="false" schemaversion="2">
<suite id="s1" name="Demo2 Suite" source="C:\Users\Sindhumathi\PycharmProjects\ROBOTFRAMEWORK\robot_suite\demo2_suite.robot">
<test id="s1-t1" name="TC1">
<kw name="Log To Console" library="BuiltIn">
<arg>${EXECDIR}</arg>
<doc>Logs the given message to the console.</doc>
<status status="PASS" starttime="20220210 10:05:16.859" endtime="20220210 10:05:16.859"/>
</kw>
<kw name="Log To Console" library="BuiltIn">
<arg>C:\\Users\\Sindhumathi\\PycharmProjects\\ROBOTFRAMEWORK\\robot_suite</arg>
<doc>Logs the given message to the console.</doc>
<status status="PASS" starttime="20220210 10:05:16.859" endtime="20220210 10:05:16.859"/>
</kw>
<kw name="Log To Console" library="BuiltIn">
<arg>${OUTPUT_DIR}</arg>
<doc>Logs the given message to the console.</doc>
<status status="PASS" starttime="20220210 10:05:16.859" endtime="20220210 10:05:16.859"/>
</kw>
<kw name="Log To Console" library="BuiltIn">
<arg>${EXECDIR}${/}driver${/}chromedriver.exe</arg>
<doc>Logs the given message to the console.</doc>
<status status="PASS" starttime="20220210 10:05:16.859" endtime="20220210 10:05:16.859"/>
</kw>
<kw name="Log To Console" library="BuiltIn">
<arg>${SUITE_NAME}</arg>
<doc>Logs the given message to the console.</doc>
<status status="PASS" starttime="20220210 10:05:16.859" endtime="20220210 10:05:16.859"/>
</kw>
<kw name="Log To Console" library="BuiltIn">
<arg>${TEST_NAME}</arg>
<doc>Logs the given message to the console.</doc>
<status status="PASS" starttime="20220210 10:05:16.859" endtime="20220210 10:05:16.859"/>
</kw>
<kw name="Log To Console" library="BuiltIn">
<arg>${TEMPDIR}</arg>
<doc>Logs the given message to the console.</doc>
<status status="PASS" starttime="20220210 10:05:16.859" endtime="20220210 10:05:16.859"/>
</kw>
<kw name="Log To Console" library="BuiltIn">
<arg>${MY_NAME}</arg>
<doc>Logs the given message to the console.</doc>
<status status="PASS" starttime="20220210 10:05:16.859" endtime="20220210 10:05:16.859"/>
</kw>
<kw name="Log To Console" library="BuiltIn">
<arg>${COLORS}</arg>
<doc>Logs the given message to the console.</doc>
<status status="PASS" starttime="20220210 10:05:16.859" endtime="20220210 10:05:16.859"/>
</kw>
<kw name="Log To Console" library="BuiltIn">
<arg>${COLORS}[0]</arg>
<doc>Logs the given message to the console.</doc>
<status status="PASS" starttime="20220210 10:05:16.859" endtime="20220210 10:05:16.859"/>
</kw>
<status status="PASS" starttime="20220210 10:05:16.859" endtime="20220210 10:05:16.859"/>
</test>
<test id="s1-t2" name="TC2">
<for flavor="IN RANGE">
<var>${counter}</var>
<value>0</value>
<value>3</value>
<value>1</value>
<iter>
<var name="${counter}">0</var>
<kw name="Log" library="BuiltIn">
<arg>${counter}</arg>
<doc>Logs the given message with the given level.</doc>
<msg timestamp="20220210 10:05:16.889" level="INFO">0</msg>
<status status="PASS" starttime="20220210 10:05:16.889" endtime="20220210 10:05:16.889"/>
</kw>
<status status="PASS" starttime="20220210 10:05:16.889" endtime="20220210 10:05:16.889"/>
</iter>
<iter>
<var name="${counter}">1</var>
<kw name="Log" library="BuiltIn">
<arg>${counter}</arg>
<doc>Logs the given message with the given level.</doc>
<msg timestamp="20220210 10:05:16.889" level="INFO">1</msg>
<status status="PASS" starttime="20220210 10:05:16.889" endtime="20220210 10:05:16.889"/>
</kw>
<status status="PASS" starttime="20220210 10:05:16.889" endtime="20220210 10:05:16.889"/>
</iter>
<iter>
<var name="${counter}">2</var>
<kw name="Log" library="BuiltIn">
<arg>${counter}</arg>
<doc>Logs the given message with the given level.</doc>
<msg timestamp="20220210 10:05:16.889" level="INFO">2</msg>
<status status="PASS" starttime="20220210 10:05:16.889" endtime="20220210 10:05:16.889"/>
</kw>
<status status="PASS" starttime="20220210 10:05:16.889" endtime="20220210 10:05:16.889"/>
</iter>
<status status="PASS" starttime="20220210 10:05:16.889" endtime="20220210 10:05:16.889"/>
</for>
<status status="PASS" starttime="20220210 10:05:16.885" endtime="20220210 10:05:16.889"/>
</test>
<status status="PASS" starttime="20220210 10:05:16.818" endtime="20220210 10:05:16.889"/>
</suite>
<statistics>
<total>
<stat pass="2" fail="0" skip="0">All Tests</stat>
</total>
<tag>
</tag>
<suite>
<stat pass="2" fail="0" skip="0" id="s1" name="Demo2 Suite">Demo2 Suite</stat>
</suite>
</statistics>
<errors>
</errors>
</robot>
