<?xml version="1.0" encoding="UTF-8"?>
<robot generator="Robot 4.1.3 (Python 3.10.0 on win32)" generated="20220210 10:43:23.157" rpa="false" schemaversion="2">
<suite id="s1" name="Demo2 Suite" source="C:\Users\Sindhumathi\PycharmProjects\ROBOTFRAMEWORK\robot_suite\demo2_suite.robot">
<test id="s1-t1" name="TC1">
<kw name="Log To Console" library="BuiltIn">
<arg>${EXECDIR}</arg>
<doc>Logs the given message to the console.</doc>
<status status="PASS" starttime="20220210 10:43:23.216" endtime="20220210 10:43:23.217"/>
</kw>
<kw name="Log To Console" library="BuiltIn">
<arg>C:\\Users\\Sindhumathi\\PycharmProjects\\ROBOTFRAMEWORK\\robot_suite</arg>
<doc>Logs the given message to the console.</doc>
<status status="PASS" starttime="20220210 10:43:23.217" endtime="20220210 10:43:23.217"/>
</kw>
<kw name="Log To Console" library="BuiltIn">
<arg>${OUTPUT_DIR}</arg>
<doc>Logs the given message to the console.</doc>
<status status="PASS" starttime="20220210 10:43:23.217" endtime="20220210 10:43:23.218"/>
</kw>
<kw name="Log To Console" library="BuiltIn">
<arg>${EXECDIR}${/}driver${/}chromedriver.exe</arg>
<doc>Logs the given message to the console.</doc>
<status status="PASS" starttime="20220210 10:43:23.218" endtime="20220210 10:43:23.218"/>
</kw>
<kw name="Log To Console" library="BuiltIn">
<arg>${SUITE_NAME}</arg>
<doc>Logs the given message to the console.</doc>
<status status="PASS" starttime="20220210 10:43:23.218" endtime="20220210 10:43:23.218"/>
</kw>
<kw name="Log To Console" library="BuiltIn">
<arg>${TEST_NAME}</arg>
<doc>Logs the given message to the console.</doc>
<status status="PASS" starttime="20220210 10:43:23.218" endtime="20220210 10:43:23.218"/>
</kw>
<kw name="Log To Console" library="BuiltIn">
<arg>${TEMPDIR}</arg>
<doc>Logs the given message to the console.</doc>
<status status="PASS" starttime="20220210 10:43:23.219" endtime="20220210 10:43:23.219"/>
</kw>
<kw name="Log To Console" library="BuiltIn">
<arg>${MY_NAME}</arg>
<doc>Logs the given message to the console.</doc>
<status status="PASS" starttime="20220210 10:43:23.219" endtime="20220210 10:43:23.219"/>
</kw>
<kw name="Log To Console" library="BuiltIn">
<arg>${COLORS}</arg>
<doc>Logs the given message to the console.</doc>
<status status="PASS" starttime="20220210 10:43:23.219" endtime="20220210 10:43:23.219"/>
</kw>
<kw name="Log To Console" library="BuiltIn">
<arg>${COLORS}[0]</arg>
<doc>Logs the given message to the console.</doc>
<status status="PASS" starttime="20220210 10:43:23.219" endtime="20220210 10:43:23.220"/>
</kw>
<status status="PASS" starttime="20220210 10:43:23.216" endtime="20220210 10:43:23.220"/>
</test>
<test id="s1-t2" name="TC2">
<kw name="Get Length" library="BuiltIn">
<var>${count}</var>
<arg>${COLORS}</arg>
<doc>Returns and logs the length of the given item as an integer.</doc>
<msg timestamp="20220210 10:43:23.220" level="INFO">Length is 5</msg>
<msg timestamp="20220210 10:43:23.220" level="INFO">${count} = 5</msg>
<status status="PASS" starttime="20220210 10:43:23.220" endtime="20220210 10:43:23.221"/>
</kw>
<kw name="Log To Console" library="BuiltIn">
<arg>${count}</arg>
<doc>Logs the given message to the console.</doc>
<status status="PASS" starttime="20220210 10:43:23.221" endtime="20220210 10:43:23.221"/>
</kw>
<for flavor="IN RANGE">
<var>${i}</var>
<value>0</value>
<value>${count}</value>
<value>1</value>
<iter>
<var name="${i}">0</var>
<kw name="Log To Console" library="BuiltIn">
<arg>${COLORS}[${i}]</arg>
<doc>Logs the given message to the console.</doc>
<status status="PASS" starttime="20220210 10:43:23.221" endtime="20220210 10:43:23.221"/>
</kw>
<status status="PASS" starttime="20220210 10:43:23.221" endtime="20220210 10:43:23.221"/>
</iter>
<iter>
<var name="${i}">1</var>
<kw name="Log To Console" library="BuiltIn">
<arg>${COLORS}[${i}]</arg>
<doc>Logs the given message to the console.</doc>
<status status="PASS" starttime="20220210 10:43:23.222" endtime="20220210 10:43:23.222"/>
</kw>
<status status="PASS" starttime="20220210 10:43:23.221" endtime="20220210 10:43:23.222"/>
</iter>
<iter>
<var name="${i}">2</var>
<kw name="Log To Console" library="BuiltIn">
<arg>${COLORS}[${i}]</arg>
<doc>Logs the given message to the console.</doc>
<status status="PASS" starttime="20220210 10:43:23.222" endtime="20220210 10:43:23.222"/>
</kw>
<status status="PASS" starttime="20220210 10:43:23.222" endtime="20220210 10:43:23.222"/>
</iter>
<iter>
<var name="${i}">3</var>
<kw name="Log To Console" library="BuiltIn">
<arg>${COLORS}[${i}]</arg>
<doc>Logs the given message to the console.</doc>
<status status="PASS" starttime="20220210 10:43:23.222" endtime="20220210 10:43:23.222"/>
</kw>
<status status="PASS" starttime="20220210 10:43:23.222" endtime="20220210 10:43:23.222"/>
</iter>
<iter>
<var name="${i}">4</var>
<kw name="Log To Console" library="BuiltIn">
<arg>${COLORS}[${i}]</arg>
<doc>Logs the given message to the console.</doc>
<status status="PASS" starttime="20220210 10:43:23.222" endtime="20220210 10:43:23.223"/>
</kw>
<status status="PASS" starttime="20220210 10:43:23.222" endtime="20220210 10:43:23.223"/>
</iter>
<status status="PASS" starttime="20220210 10:43:23.221" endtime="20220210 10:43:23.223"/>
</for>
<status status="PASS" starttime="20220210 10:43:23.220" endtime="20220210 10:43:23.223"/>
</test>
<test id="s1-t3" name="TC3">
<for flavor="IN">
<var>${color}</var>
<value>@{COLORS}</value>
<iter>
<var name="${color}">yellow</var>
<kw name="Log To Console" library="BuiltIn">
<arg>${color}</arg>
<doc>Logs the given message to the console.</doc>
<status status="PASS" starttime="20220210 10:43:23.224" endtime="20220210 10:43:23.224"/>
</kw>
<status status="PASS" starttime="20220210 10:43:23.223" endtime="20220210 10:43:23.224"/>
</iter>
<iter>
<var name="${color}">green</var>
<kw name="Log To Console" library="BuiltIn">
<arg>${color}</arg>
<doc>Logs the given message to the console.</doc>
<status status="PASS" starttime="20220210 10:43:23.224" endtime="20220210 10:43:23.224"/>
</kw>
<status status="PASS" starttime="20220210 10:43:23.224" endtime="20220210 10:43:23.224"/>
</iter>
<iter>
<var name="${color}">red</var>
<kw name="Log To Console" library="BuiltIn">
<arg>${color}</arg>
<doc>Logs the given message to the console.</doc>
<status status="PASS" starttime="20220210 10:43:23.224" endtime="20220210 10:43:23.224"/>
</kw>
<status status="PASS" starttime="20220210 10:43:23.224" endtime="20220210 10:43:23.224"/>
</iter>
<iter>
<var name="${color}">blue</var>
<kw name="Log To Console" library="BuiltIn">
<arg>${color}</arg>
<doc>Logs the given message to the console.</doc>
<status status="PASS" starttime="20220210 10:43:23.224" endtime="20220210 10:43:23.225"/>
</kw>
<status status="PASS" starttime="20220210 10:43:23.224" endtime="20220210 10:43:23.225"/>
</iter>
<iter>
<var name="${color}">pink</var>
<kw name="Log To Console" library="BuiltIn">
<arg>${color}</arg>
<doc>Logs the given message to the console.</doc>
<status status="PASS" starttime="20220210 10:43:23.225" endtime="20220210 10:43:23.225"/>
</kw>
<status status="PASS" starttime="20220210 10:43:23.225" endtime="20220210 10:43:23.225"/>
</iter>
<status status="PASS" starttime="20220210 10:43:23.223" endtime="20220210 10:43:23.225"/>
</for>
<status status="PASS" starttime="20220210 10:43:23.223" endtime="20220210 10:43:23.225"/>
</test>
<test id="s1-t4" name="TC4">
<kw name="Log To Console" library="BuiltIn">
<arg>${EMPLOYEE1}</arg>
<doc>Logs the given message to the console.</doc>
<status status="PASS" starttime="20220210 10:43:23.225" endtime="20220210 10:43:23.226"/>
</kw>
<kw name="Log To Console" library="BuiltIn">
<arg>${EMPLOYEE1}[empname]</arg>
<doc>Logs the given message to the console.</doc>
<status status="PASS" starttime="20220210 10:43:23.226" endtime="20220210 10:43:23.226"/>
</kw>
<kw name="Log To Console" library="BuiltIn">
<arg>The employee age is ${EMPLOYEE1}[age]</arg>
<doc>Logs the given message to the console.</doc>
<status status="PASS" starttime="20220210 10:43:23.226" endtime="20220210 10:43:23.226"/>
</kw>
<kw name="Log Dictionary" library="Collections">
<arg>${EMPLOYEE1}</arg>
<doc>Logs the size and contents of the ``dictionary`` using given ``level``.</doc>
<msg timestamp="20220210 10:43:23.226" level="INFO">Dictionary size is 3 and it contains following items:
age: 21
empid: 101
empname: sindhu</msg>
<status status="PASS" starttime="20220210 10:43:23.226" endtime="20220210 10:43:23.227"/>
</kw>
<status status="PASS" starttime="20220210 10:43:23.225" endtime="20220210 10:43:23.227"/>
</test>
<status status="PASS" starttime="20220210 10:43:23.158" endtime="20220210 10:43:23.227"/>
</suite>
<statistics>
<total>
<stat pass="4" fail="0" skip="0">All Tests</stat>
</total>
<tag>
</tag>
<suite>
<stat pass="4" fail="0" skip="0" id="s1" name="Demo2 Suite">Demo2 Suite</stat>
</suite>
</statistics>
<errors>
</errors>
</robot>
